<?xml version="1.0" encoding="UTF-8" standalone="no"?><testsuite errors="1" failures="0" name="Login" skipped="0" tests="2" time="132.38" timestamp="2022-04-16 12:15:16"><testcase name="As a user I have to be able to login"/><testcase name="As a user I can't login with invalid password"><error message="element click intercepted: Element &lt;button id=&quot;login&quot; type=&quot;button&quot; class=&quot;btn btn-primary&quot;&gt;...&lt;/button&gt; is not clickable at point (832, 494). Other element would receive the click: &lt;div&gt;...&lt;/div&gt;&#10;  (Session info: MicrosoftEdge=100.0.1185.39)&#10;Build info: version: '4.1.2', revision: '9a5a329c5a'&#10;System info: host: 'DESKTOP-T1G9LT0', ip: '192.168.174.1', os.name: 'Windows 10', os.arch: 'amd64', os.version: '10.0', java.version: '1.8.0_202'&#10;Driver info: org.openqa.selenium.edge.EdgeDriver&#10;Command: [6b379a4e61982b9b55400dc963320e5a, clickElement {id=947c1688-3efd-4cfe-8652-39effcbe4f23}]&#10;Capabilities {acceptInsecureCerts: false, browserName: msedge, browserVersion: 100.0.1185.39, javascriptEnabled: true, ms:edgeOptions: {debuggerAddress: localhost:63837}, msedge: {msedgedriverVersion: 100.0.1185.39 (5d3e4966b112..., userDataDir: C:\Users\MYLAPT~1\AppData\L...}, networkConnectionEnabled: false, pageLoadStrategy: normal, platform: WINDOWS, platformName: WINDOWS, proxy: Proxy(), se:cdp: ws://localhost:63837/devtoo..., se:cdpVersion: 100.0.1185.39, setWindowRect: true, strictFileInteractability: false, timeouts: {implicit: 0, pageLoad: 300000, script: 30000}, unhandledPromptBehavior: dismiss and notify, webauthn:extension:credBlob: true, webauthn:extension:largeBlob: true, webauthn:virtualAuthenticators: true}&#10;Element: [[EdgeDriver: msedge on WINDOWS (6b379a4e61982b9b55400dc963320e5a)] -&gt; id: login]&#10;Session ID: 6b379a4e61982b9b55400dc963320e5a" type="org.openqa.selenium.ElementClickInterceptedException">element click intercepted: Element &lt;button id="login" type="button" class="btn btn-primary"&gt;...&lt;/button&gt; is not clickable at point (832, 494). Other element would receive the click: &lt;div&gt;...&lt;/div&gt;
  (Session info: MicrosoftEdge=100.0.1185.39)
Build info: version: '4.1.2', revision: '9a5a329c5a'
System info: host: 'DESKTOP-T1G9LT0', ip: '192.168.174.1', os.name: 'Windows 10', os.arch: 'amd64', os.version: '10.0', java.version: '1.8.0_202'
Driver info: org.openqa.selenium.edge.EdgeDriver
Command: [6b379a4e61982b9b55400dc963320e5a, clickElement {id=947c1688-3efd-4cfe-8652-39effcbe4f23}]
Capabilities {acceptInsecureCerts: false, browserName: msedge, browserVersion: 100.0.1185.39, javascriptEnabled: true, ms:edgeOptions: {debuggerAddress: localhost:63837}, msedge: {msedgedriverVersion: 100.0.1185.39 (5d3e4966b112..., userDataDir: C:\Users\MYLAPT~1\AppData\L...}, networkConnectionEnabled: false, pageLoadStrategy: normal, platform: WINDOWS, platformName: WINDOWS, proxy: Proxy(), se:cdp: ws://localhost:63837/devtoo..., se:cdpVersion: 100.0.1185.39, setWindowRect: true, strictFileInteractability: false, timeouts: {implicit: 0, pageLoad: 300000, script: 30000}, unhandledPromptBehavior: dismiss and notify, webauthn:extension:credBlob: true, webauthn:extension:largeBlob: true, webauthn:virtualAuthenticators: true}
Element: [[EdgeDriver: msedge on WINDOWS (6b379a4e61982b9b55400dc963320e5a)] -&gt; id: login]
Session ID: 6b379a4e61982b9b55400dc963320e5a</error><system-err>element click intercepted: Element &lt;button id="login" type="button" class="btn btn-primary"&gt;...&lt;/button&gt; is not clickable at point (832, 494). Other element would receive the click: &lt;div&gt;...&lt;/div&gt;
  (Session info: MicrosoftEdge=100.0.1185.39)
Build info: version: '4.1.2', revision: '9a5a329c5a'
System info: host: 'DESKTOP-T1G9LT0', ip: '192.168.174.1', os.name: 'Windows 10', os.arch: 'amd64', os.version: '10.0', java.version: '1.8.0_202'
Driver info: org.openqa.selenium.edge.EdgeDriver
Command: [6b379a4e61982b9b55400dc963320e5a, clickElement {id=947c1688-3efd-4cfe-8652-39effcbe4f23}]
Capabilities {acceptInsecureCerts: false, browserName: msedge, browserVersion: 100.0.1185.39, javascriptEnabled: true, ms:edgeOptions: {debuggerAddress: localhost:63837}, msedge: {msedgedriverVersion: 100.0.1185.39 (5d3e4966b112..., userDataDir: C:\Users\MYLAPT~1\AppData\L...}, networkConnectionEnabled: false, pageLoadStrategy: normal, platform: WINDOWS, platformName: WINDOWS, proxy: Proxy(), se:cdp: ws://localhost:63837/devtoo..., se:cdpVersion: 100.0.1185.39, setWindowRect: true, strictFileInteractability: false, timeouts: {implicit: 0, pageLoad: 300000, script: 30000}, unhandledPromptBehavior: dismiss and notify, webauthn:extension:credBlob: true, webauthn:extension:largeBlob: true, webauthn:virtualAuthenticators: true}
Element: [[EdgeDriver: msedge on WINDOWS (6b379a4e61982b9b55400dc963320e5a)] -&gt; id: login]
Session ID: 6b379a4e61982b9b55400dc963320e5a&#13;
starter.pages.LoginPage.clickLoginButton(LoginPage.java:71)&#13;
starter.stepdefinitions.LoginSteps.clickLoginButton(LoginSteps.java:59)&#13;
io.cucumber.java.Invoker.doInvoke(Invoker.java:66)&#13;
io.cucumber.java.Invoker.invoke(Invoker.java:24)&#13;
io.cucumber.java.AbstractGlueDefinition.invokeMethod(AbstractGlueDefinition.java:47)&#13;
io.cucumber.java.JavaStepDefinition.execute(JavaStepDefinition.java:29)&#13;
io.cucumber.core.runner.CoreStepDefinition.execute(CoreStepDefinition.java:66)&#13;
io.cucumber.core.runner.PickleStepDefinitionMatch.runStep(PickleStepDefinitionMatch.java:63)&#13;
io.cucumber.core.runner.TestStep.executeStep(TestStep.java:86)&#13;
io.cucumber.core.runner.TestStep.run(TestStep.java:57)&#13;
io.cucumber.core.runner.PickleStepTestStep.run(PickleStepTestStep.java:51)&#13;
io.cucumber.core.runner.TestCase.run(TestCase.java:95)&#13;
io.cucumber.core.runner.Runner.runPickle(Runner.java:75)&#13;
io.cucumber.core.runtime.CucumberExecutionContext.lambda$runTestCase$3(CucumberExecutionContext.java:151)&#13;
io.cucumber.core.runtime.RethrowingThrowableCollector.executeAndThrow(RethrowingThrowableCollector.java:23)&#13;
io.cucumber.core.runtime.CucumberExecutionContext.runTestCase(CucumberExecutionContext.java:151)&#13;
io.cucumber.junit.FeatureRunner.runChild(FeatureRunner.java:144)&#13;
io.cucumber.junit.FeatureRunner.runChild(FeatureRunner.java:28)&#13;
io.cucumber.junit.FeatureRunner.run(FeatureRunner.java:137)&#13;
io.cucumber.junit.CucumberSerenityRunner.runChild(CucumberSerenityRunner.java:258)&#13;
io.cucumber.junit.CucumberSerenityRunner.runChild(CucumberSerenityRunner.java:58)&#13;
</system-err></testcase></testsuite>