<?xml version="1.0" encoding="UTF-8"?>
<testsuite xmlns:xsi="http://www.w3.org/2001/XMLSchema-instance" xsi:noNamespaceSchemaLocation="https://maven.apache.org/surefire/maven-failsafe-plugin/xsd/failsafe-test-report-3.0.xsd" version="3.0" name="com.example.acceptancetests.AcceptanceTestSuite" time="590.071" tests="14" errors="2" skipped="0" failures="0">
  <properties>
[...]
</properties>
  <testcase name="Adding two numbers #1" classname="Calculated Numbers" time="37.333">
    <system-out><![CDATA[
Scenario Outline: Adding two numbers &amp#27;[90m# src/test/resources/features/calculatedNumbers.feature:11&amp#27;[0m
  &amp#27;[32mGiven &amp#27;[0m&amp#27;[32mI am on calculator page&amp#27;[0m      &amp#27;[90m# com.example.steps.CalculateStepDefinitions.iAmOnCalculatorPage()&amp#27;[0m
  &amp#27;[32mWhen &amp#27;[0m&amp#27;[32mI click &amp#27;[0m&amp#27;[32m&amp#27;[1m"1"&amp#27;[0m                   &amp#27;[90m# com.example.steps.CalculateStepDefinitions.iClick(java.lang.String)&amp#27;[0m
  &amp#27;[32mAnd &amp#27;[0m&amp#27;[32mI click addition symbol&amp#27;[0m        &amp#27;[90m# com.example.steps.CalculateStepDefinitions.iClickAdditionSymbol()&amp#27;[0m
  &amp#27;[32mAnd &amp#27;[0m&amp#27;[32mI click &amp#27;[0m&amp#27;[32m&amp#27;[1m"2"&amp#27;[0m                    &amp#27;[90m# com.example.steps.CalculateStepDefinitions.iClick(java.lang.String)&amp#27;[0m
  &amp#27;[32mThen &amp#27;[0m&amp#27;[32mI get the result is &amp#27;[0m&amp#27;[32m&amp#27;[1m"3"&amp#27;[0m       &amp#27;[90m# com.example.steps.CalculateStepDefinitions.iGetTheResultIs(java.lang.String)&amp#27;[0m
]]></system-out>
    <system-err><![CDATA[[main] INFO io.cucumber.core.plugin.SerenityReporter - Running feature from file:///C:/Users/my%20laptop/Documents/NetBeansProjects/mobile-automation/src/test/resources/features/calculatedNumbers.feature
[main] WARN io.cucumber.core.plugin.SerenityReporter - Feature from file:///C:/Users/my%20laptop/Documents/NetBeansProjects/mobile-automation/src/test/resources/features/calculatedNumbers.feature is not under the 'features' directory. Requirements report will not be correctly generated!
[main] INFO  - 

-------------------------------------------------------------------------------------
     _______. _______ .______       _______ .__   __.  __  .___________.____    ____ 
    /       ||   ____||   _  \     |   ____||  \ |  | |  | |           |\   \  /   / 
   |   (----`|  |__   |  |_)  |    |  |__   |   \|  | |  | `---|  |----` \   \/   /  
    \   \    |   __|  |      /     |   __|  |  . `  | |  |     |  |       \_    _/   
.----)   |   |  |____ |  |\  \----.|  |____ |  |\   | |  |     |  |         |  |     
|_______/    |_______|| _| `._____||_______||__| \__| |__|     |__|         |__|    
                                                                                     
 News and tutorials at http://www.serenity-bdd.info                                  
 Documentation at https://wakaleo.gitbooks.io/the-serenity-book/content/             
 Join the Serenity Community on Gitter: https://gitter.im/serenity-bdd/serenity-core 
 Serenity BDD Support and Training at http://serenity-bdd.info/#/trainingandsupport  
-------------------------------------------------------------------------------------

[main] INFO  - Test Suite Started: Calculated Numbers
[main] INFO io.cucumber.core.plugin.SerenityReporter - Running feature from file:///C:/Users/my%20laptop/Documents/NetBeansProjects/mobile-automation/src/test/resources/features/history.feature
[main] WARN io.cucumber.core.plugin.SerenityReporter - Feature from file:///C:/Users/my%20laptop/Documents/NetBeansProjects/mobile-automation/src/test/resources/features/history.feature is not under the 'features' directory. Requirements report will not be correctly generated!
[main] INFO  - Test Suite Started: History
[main] INFO io.cucumber.core.plugin.SerenityReporter - Running feature from file:///C:/Users/my%20laptop/Documents/NetBeansProjects/mobile-automation/src/test/resources/features/calculatedNumbers.feature
[main] WARN io.cucumber.core.plugin.SerenityReporter - Feature from file:///C:/Users/my%20laptop/Documents/NetBeansProjects/mobile-automation/src/test/resources/features/calculatedNumbers.feature is not under the 'features' directory. Requirements report will not be correctly generated!
[main] INFO  - 
 _____ _____ ____ _____   ____ _____  _    ____ _____ _____ ____  
|_   _| ____/ ___|_   _| / ___|_   _|/ \  |  _ \_   _| ____|  _ \ 
  | | |  _| \___ \ | |   \___ \ | | / _ \ | |_) || | |  _| | | | |
  | | | |___ ___) || |    ___) || |/ ___ \|  _ < | | | |___| |_| |
  |_| |_____|____/ |_|   |____/ |_/_/   \_\_| \_\|_| |_____|____/ 

Adding two numbers(calculated-numbers;adding-two-numbers)
-------------------------------------------------------------------
Apr 17, 2022 4:39:44 AM io.appium.java_client.remote.AppiumCommandExecutor$1 lambda$0
INFO: Detected dialect: W3C
[main] INFO  - 
        __    _____ _____ ____ _____   ____   _    ____  ____  _____ ____  
  _     \ \  |_   _| ____/ ___|_   _| |  _ \ / \  / ___|/ ___|| ____|  _ \ 
 (_)_____| |   | | |  _| \___ \ | |   | |_) / _ \ \___ \\___ \|  _| | | | |
  _|_____| |   | | | |___ ___) || |   |  __/ ___ \ ___) |___) | |___| |_| |
 (_)     | |   |_| |_____|____/ |_|   |_| /_/   \_\____/|____/|_____|____/ 
        /_/                                                                

Adding two numbers
----------------------------------------------------------------------------
]]></system-err>
  </testcase>
  <testcase name="Adding two numbers #2" classname="Calculated Numbers" time="36.632">
    <system-out><![CDATA[
Scenario Outline: Adding two numbers &amp#27;[90m# src/test/resources/features/calculatedNumbers.feature:12&amp#27;[0m
  &amp#27;[32mGiven &amp#27;[0m&amp#27;[32mI am on calculator page&amp#27;[0m      &amp#27;[90m# com.example.steps.CalculateStepDefinitions.iAmOnCalculatorPage()&amp#27;[0m
  &amp#27;[32mWhen &amp#27;[0m&amp#27;[32mI click &amp#27;[0m&amp#27;[32m&amp#27;[1m"5"&amp#27;[0m                   &amp#27;[90m# com.example.steps.CalculateStepDefinitions.iClick(java.lang.String)&amp#27;[0m
  &amp#27;[32mAnd &amp#27;[0m&amp#27;[32mI click addition symbol&amp#27;[0m        &amp#27;[90m# com.example.steps.CalculateStepDefinitions.iClickAdditionSymbol()&amp#27;[0m
  &amp#27;[32mAnd &amp#27;[0m&amp#27;[32mI click &amp#27;[0m&amp#27;[32m&amp#27;[1m"10"&amp#27;[0m                   &amp#27;[90m# com.example.steps.CalculateStepDefinitions.iClick(java.lang.String)&amp#27;[0m
  &amp#27;[32mThen &amp#27;[0m&amp#27;[32mI get the result is &amp#27;[0m&amp#27;[32m&amp#27;[1m"15"&amp#27;[0m      &amp#27;[90m# com.example.steps.CalculateStepDefinitions.iGetTheResultIs(java.lang.String)&amp#27;[0m
]]></system-out>
    <system-err><![CDATA[[main] INFO io.cucumber.core.plugin.SerenityReporter - Running feature from file:///C:/Users/my%20laptop/Documents/NetBeansProjects/mobile-automation/src/test/resources/features/calculatedNumbers.feature
[main] WARN io.cucumber.core.plugin.SerenityReporter - Feature from file:///C:/Users/my%20laptop/Documents/NetBeansProjects/mobile-automation/src/test/resources/features/calculatedNumbers.feature is not under the 'features' directory. Requirements report will not be correctly generated!
Apr 17, 2022 4:40:20 AM io.appium.java_client.remote.AppiumCommandExecutor$1 lambda$0
INFO: Detected dialect: W3C
[main] INFO  - 
        __    _____ _____ ____ _____   ____   _    ____  ____  _____ ____  
  _     \ \  |_   _| ____/ ___|_   _| |  _ \ / \  / ___|/ ___|| ____|  _ \ 
 (_)_____| |   | | |  _| \___ \ | |   | |_) / _ \ \___ \\___ \|  _| | | | |
  _|_____| |   | | | |___ ___) || |   |  __/ ___ \ ___) |___) | |___| |_| |
 (_)     | |   |_| |_____|____/ |_|   |_| /_/   \_\____/|____/|_____|____/ 
        /_/                                                                

Adding two numbers
----------------------------------------------------------------------------
]]></system-err>
  </testcase>
  <testcase name="Adding two numbers #3" classname="Calculated Numbers" time="40.876">
    <system-out><![CDATA[
Scenario Outline: Adding two numbers &amp#27;[90m# src/test/resources/features/calculatedNumbers.feature:13&amp#27;[0m
  &amp#27;[32mGiven &amp#27;[0m&amp#27;[32mI am on calculator page&amp#27;[0m      &amp#27;[90m# com.example.steps.CalculateStepDefinitions.iAmOnCalculatorPage()&amp#27;[0m
  &amp#27;[32mWhen &amp#27;[0m&amp#27;[32mI click &amp#27;[0m&amp#27;[32m&amp#27;[1m"25"&amp#27;[0m                  &amp#27;[90m# com.example.steps.CalculateStepDefinitions.iClick(java.lang.String)&amp#27;[0m
  &amp#27;[32mAnd &amp#27;[0m&amp#27;[32mI click addition symbol&amp#27;[0m        &amp#27;[90m# com.example.steps.CalculateStepDefinitions.iClickAdditionSymbol()&amp#27;[0m
  &amp#27;[32mAnd &amp#27;[0m&amp#27;[32mI click &amp#27;[0m&amp#27;[32m&amp#27;[1m"100"&amp#27;[0m                  &amp#27;[90m# com.example.steps.CalculateStepDefinitions.iClick(java.lang.String)&amp#27;[0m
  &amp#27;[32mThen &amp#27;[0m&amp#27;[32mI get the result is &amp#27;[0m&amp#27;[32m&amp#27;[1m"125"&amp#27;[0m     &amp#27;[90m# com.example.steps.CalculateStepDefinitions.iGetTheResultIs(java.lang.String)&amp#27;[0m
]]></system-out>
    <system-err><![CDATA[[main] INFO io.cucumber.core.plugin.SerenityReporter - Running feature from file:///C:/Users/my%20laptop/Documents/NetBeansProjects/mobile-automation/src/test/resources/features/calculatedNumbers.feature
[main] WARN io.cucumber.core.plugin.SerenityReporter - Feature from file:///C:/Users/my%20laptop/Documents/NetBeansProjects/mobile-automation/src/test/resources/features/calculatedNumbers.feature is not under the 'features' directory. Requirements report will not be correctly generated!
Apr 17, 2022 4:40:58 AM io.appium.java_client.remote.AppiumCommandExecutor$1 lambda$0
INFO: Detected dialect: W3C
]]></system-err>
  </testcase>
  <testcase name="Substracting two numbers #1" classname="Calculated Numbers" time="36.398">
    <system-out><![CDATA[
Scenario Outline: Substracting two numbers &amp#27;[90m# src/test/resources/features/calculatedNumbers.feature:23&amp#27;[0m
  &amp#27;[32mGiven &amp#27;[0m&amp#27;[32mI am on calculator page&amp#27;[0m            &amp#27;[90m# com.example.steps.CalculateStepDefinitions.iAmOnCalculatorPage()&amp#27;[0m
  &amp#27;[32mWhen &amp#27;[0m&amp#27;[32mI click &amp#27;[0m&amp#27;[32m&amp#27;[1m"2"&amp#27;[0m                         &amp#27;[90m# com.example.steps.CalculateStepDefinitions.iClick(java.lang.String)&amp#27;[0m
  &amp#27;[32mAnd &amp#27;[0m&amp#27;[32mI click substract symbol&amp#27;[0m             &amp#27;[90m# com.example.steps.CalculateStepDefinitions.iClickSubstractSymbol()&amp#27;[0m
  &amp#27;[32mAnd &amp#27;[0m&amp#27;[32mI click &amp#27;[0m&amp#27;[32m&amp#27;[1m"1"&amp#27;[0m                          &amp#27;[90m# com.example.steps.CalculateStepDefinitions.iClick(java.lang.String)&amp#27;[0m
  &amp#27;[32mThen &amp#27;[0m&amp#27;[32mI get the result is &amp#27;[0m&amp#27;[32m&amp#27;[1m"1"&amp#27;[0m             &amp#27;[90m# com.example.steps.CalculateStepDefinitions.iGetTheResultIs(java.lang.String)&amp#27;[0m
]]></system-out>
    <system-err><![CDATA[[main] INFO io.cucumber.core.plugin.SerenityReporter - Running feature from file:///C:/Users/my%20laptop/Documents/NetBeansProjects/mobile-automation/src/test/resources/features/calculatedNumbers.feature
[main] WARN io.cucumber.core.plugin.SerenityReporter - Feature from file:///C:/Users/my%20laptop/Documents/NetBeansProjects/mobile-automation/src/test/resources/features/calculatedNumbers.feature is not under the 'features' directory. Requirements report will not be correctly generated!
[main] INFO  - 
 _____ _____ ____ _____   ____ _____  _    ____ _____ _____ ____  
|_   _| ____/ ___|_   _| / ___|_   _|/ \  |  _ \_   _| ____|  _ \ 
  | | |  _| \___ \ | |   \___ \ | | / _ \ | |_) || | |  _| | | | |
  | | | |___ ___) || |    ___) || |/ ___ \|  _ < | | | |___| |_| |
  |_| |_____|____/ |_|   |____/ |_/_/   \_\_| \_\|_| |_____|____/ 

Substracting two numbers(calculated-numbers;substracting-two-numbers)
-------------------------------------------------------------------
Apr 17, 2022 4:41:38 AM io.appium.java_client.remote.AppiumCommandExecutor$1 lambda$0
INFO: Detected dialect: W3C
[main] INFO  - 
        __    _____ _____ ____ _____   ____   _    ____  ____  _____ ____  
  _     \ \  |_   _| ____/ ___|_   _| |  _ \ / \  / ___|/ ___|| ____|  _ \ 
 (_)_____| |   | | |  _| \___ \ | |   | |_) / _ \ \___ \\___ \|  _| | | | |
  _|_____| |   | | | |___ ___) || |   |  __/ ___ \ ___) |___) | |___| |_| |
 (_)     | |   |_| |_____|____/ |_|   |_| /_/   \_\____/|____/|_____|____/ 
        /_/                                                                

Substracting two numbers
----------------------------------------------------------------------------
]]></system-err>
  </testcase>
  <testcase name="Substracting two numbers #2" classname="Calculated Numbers" time="36.644">
    <system-out><![CDATA[
Scenario Outline: Substracting two numbers &amp#27;[90m# src/test/resources/features/calculatedNumbers.feature:24&amp#27;[0m
  &amp#27;[32mGiven &amp#27;[0m&amp#27;[32mI am on calculator page&amp#27;[0m            &amp#27;[90m# com.example.steps.CalculateStepDefinitions.iAmOnCalculatorPage()&amp#27;[0m
  &amp#27;[32mWhen &amp#27;[0m&amp#27;[32mI click &amp#27;[0m&amp#27;[32m&amp#27;[1m"10"&amp#27;[0m                        &amp#27;[90m# com.example.steps.CalculateStepDefinitions.iClick(java.lang.String)&amp#27;[0m
  &amp#27;[32mAnd &amp#27;[0m&amp#27;[32mI click substract symbol&amp#27;[0m             &amp#27;[90m# com.example.steps.CalculateStepDefinitions.iClickSubstractSymbol()&amp#27;[0m
  &amp#27;[32mAnd &amp#27;[0m&amp#27;[32mI click &amp#27;[0m&amp#27;[32m&amp#27;[1m"5"&amp#27;[0m                          &amp#27;[90m# com.example.steps.CalculateStepDefinitions.iClick(java.lang.String)&amp#27;[0m
  &amp#27;[32mThen &amp#27;[0m&amp#27;[32mI get the result is &amp#27;[0m&amp#27;[32m&amp#27;[1m"5"&amp#27;[0m             &amp#27;[90m# com.example.steps.CalculateStepDefinitions.iGetTheResultIs(java.lang.String)&amp#27;[0m
]]></system-out>
    <system-err><![CDATA[[main] INFO io.cucumber.core.plugin.SerenityReporter - Running feature from file:///C:/Users/my%20laptop/Documents/NetBeansProjects/mobile-automation/src/test/resources/features/calculatedNumbers.feature
[main] WARN io.cucumber.core.plugin.SerenityReporter - Feature from file:///C:/Users/my%20laptop/Documents/NetBeansProjects/mobile-automation/src/test/resources/features/calculatedNumbers.feature is not under the 'features' directory. Requirements report will not be correctly generated!
Apr 17, 2022 4:42:14 AM io.appium.java_client.remote.AppiumCommandExecutor$1 lambda$0
INFO: Detected dialect: W3C
[main] INFO  - 
        __    _____ _____ ____ _____   ____   _    ____  ____  _____ ____  
  _     \ \  |_   _| ____/ ___|_   _| |  _ \ / \  / ___|/ ___|| ____|  _ \ 
 (_)_____| |   | | |  _| \___ \ | |   | |_) / _ \ \___ \\___ \|  _| | | | |
  _|_____| |   | | | |___ ___) || |   |  __/ ___ \ ___) |___) | |___| |_| |
 (_)     | |   |_| |_____|____/ |_|   |_| /_/   \_\____/|____/|_____|____/ 
        /_/                                                                

Substracting two numbers
----------------------------------------------------------------------------
]]></system-err>
  </testcase>
  <testcase name="Substracting two numbers #3" classname="Calculated Numbers" time="38.448">
    <system-out><![CDATA[
Scenario Outline: Substracting two numbers &amp#27;[90m# src/test/resources/features/calculatedNumbers.feature:25&amp#27;[0m
  &amp#27;[32mGiven &amp#27;[0m&amp#27;[32mI am on calculator page&amp#27;[0m            &amp#27;[90m# com.example.steps.CalculateStepDefinitions.iAmOnCalculatorPage()&amp#27;[0m
  &amp#27;[32mWhen &amp#27;[0m&amp#27;[32mI click &amp#27;[0m&amp#27;[32m&amp#27;[1m"100"&amp#27;[0m                       &amp#27;[90m# com.example.steps.CalculateStepDefinitions.iClick(java.lang.String)&amp#27;[0m
  &amp#27;[32mAnd &amp#27;[0m&amp#27;[32mI click substract symbol&amp#27;[0m             &amp#27;[90m# com.example.steps.CalculateStepDefinitions.iClickSubstractSymbol()&amp#27;[0m
  &amp#27;[32mAnd &amp#27;[0m&amp#27;[32mI click &amp#27;[0m&amp#27;[32m&amp#27;[1m"25"&amp#27;[0m                         &amp#27;[90m# com.example.steps.CalculateStepDefinitions.iClick(java.lang.String)&amp#27;[0m
  &amp#27;[32mThen &amp#27;[0m&amp#27;[32mI get the result is &amp#27;[0m&amp#27;[32m&amp#27;[1m"75"&amp#27;[0m            &amp#27;[90m# com.example.steps.CalculateStepDefinitions.iGetTheResultIs(java.lang.String)&amp#27;[0m
]]></system-out>
    <system-err><![CDATA[[main] INFO io.cucumber.core.plugin.SerenityReporter - Running feature from file:///C:/Users/my%20laptop/Documents/NetBeansProjects/mobile-automation/src/test/resources/features/calculatedNumbers.feature
[main] WARN io.cucumber.core.plugin.SerenityReporter - Feature from file:///C:/Users/my%20laptop/Documents/NetBeansProjects/mobile-automation/src/test/resources/features/calculatedNumbers.feature is not under the 'features' directory. Requirements report will not be correctly generated!
Apr 17, 2022 4:42:51 AM io.appium.java_client.remote.AppiumCommandExecutor$1 lambda$0
INFO: Detected dialect: W3C
]]></system-err>
  </testcase>
  <testcase name="Multiplying two numbers #1" classname="Calculated Numbers" time="35.857">
    <system-out><![CDATA[
Scenario Outline: Multiplying two numbers &amp#27;[90m# src/test/resources/features/calculatedNumbers.feature:35&amp#27;[0m
  &amp#27;[32mGiven &amp#27;[0m&amp#27;[32mI am on calculator page&amp#27;[0m           &amp#27;[90m# com.example.steps.CalculateStepDefinitions.iAmOnCalculatorPage()&amp#27;[0m
  &amp#27;[32mWhen &amp#27;[0m&amp#27;[32mI click &amp#27;[0m&amp#27;[32m&amp#27;[1m"1"&amp#27;[0m                        &amp#27;[90m# com.example.steps.CalculateStepDefinitions.iClick(java.lang.String)&amp#27;[0m
  &amp#27;[32mAnd &amp#27;[0m&amp#27;[32mI click multiply symbol&amp#27;[0m             &amp#27;[90m# com.example.steps.CalculateStepDefinitions.iClickMultiplySymbol()&amp#27;[0m
  &amp#27;[32mAnd &amp#27;[0m&amp#27;[32mI click &amp#27;[0m&amp#27;[32m&amp#27;[1m"2"&amp#27;[0m                         &amp#27;[90m# com.example.steps.CalculateStepDefinitions.iClick(java.lang.String)&amp#27;[0m
  &amp#27;[32mThen &amp#27;[0m&amp#27;[32mI get the result is &amp#27;[0m&amp#27;[32m&amp#27;[1m"2"&amp#27;[0m            &amp#27;[90m# com.example.steps.CalculateStepDefinitions.iGetTheResultIs(java.lang.String)&amp#27;[0m
]]></system-out>
    <system-err><![CDATA[[main] INFO io.cucumber.core.plugin.SerenityReporter - Running feature from file:///C:/Users/my%20laptop/Documents/NetBeansProjects/mobile-automation/src/test/resources/features/calculatedNumbers.feature
[main] WARN io.cucumber.core.plugin.SerenityReporter - Feature from file:///C:/Users/my%20laptop/Documents/NetBeansProjects/mobile-automation/src/test/resources/features/calculatedNumbers.feature is not under the 'features' directory. Requirements report will not be correctly generated!
[main] INFO  - 
 _____ _____ ____ _____   ____ _____  _    ____ _____ _____ ____  
|_   _| ____/ ___|_   _| / ___|_   _|/ \  |  _ \_   _| ____|  _ \ 
  | | |  _| \___ \ | |   \___ \ | | / _ \ | |_) || | |  _| | | | |
  | | | |___ ___) || |    ___) || |/ ___ \|  _ < | | | |___| |_| |
  |_| |_____|____/ |_|   |____/ |_/_/   \_\_| \_\|_| |_____|____/ 

Multiplying two numbers(calculated-numbers;multiplying-two-numbers)
-------------------------------------------------------------------
Apr 17, 2022 4:43:29 AM io.appium.java_client.remote.AppiumCommandExecutor$1 lambda$0
INFO: Detected dialect: W3C
[main] INFO  - 
        __    _____ _____ ____ _____   ____   _    ____  ____  _____ ____  
  _     \ \  |_   _| ____/ ___|_   _| |  _ \ / \  / ___|/ ___|| ____|  _ \ 
 (_)_____| |   | | |  _| \___ \ | |   | |_) / _ \ \___ \\___ \|  _| | | | |
  _|_____| |   | | | |___ ___) || |   |  __/ ___ \ ___) |___) | |___| |_| |
 (_)     | |   |_| |_____|____/ |_|   |_| /_/   \_\____/|____/|_____|____/ 
        /_/                                                                

Multiplying two numbers
----------------------------------------------------------------------------
]]></system-err>
  </testcase>
  <testcase name="Multiplying two numbers #2" classname="Calculated Numbers" time="68.342">
    <error type="org.openqa.selenium.TimeoutException"><![CDATA[org.openqa.selenium.TimeoutException: Expected condition failed: waiting for visibility of element located by By.xpath: //android.view.View[@content-desc="50"] (tried for 30 second(s) with 1000 milliseconds interval)
Caused by: org.openqa.selenium.NoSuchElementException: 
An element could not be located on the page using the given search parameters.
For documentation on this error, please visit: https://www.seleniumhq.org/exceptions/no_such_element.html
Build info: version: '3.141.59', revision: 'e82be7d358', time: '2018-11-14T08:17:03'
System info: host: 'DESKTOP-T1G9LT0', ip: '192.168.174.1', os.name: 'Windows 10', os.arch: 'amd64', os.version: '10.0', java.version: '1.8.0_202'
Driver info: io.appium.java_client.android.AndroidDriver
Capabilities {app: C:\Users\my laptop\Document..., appPackage: com.example.calculator, automationName: UiAutomator2, databaseEnabled: false, desired: {app: C:\Users\my laptop\Document..., automationName: UiAutomator2, platformName: android, platformVersion: 7.0}, deviceApiLevel: 24, deviceManufacturer: Google, deviceModel: Android SDK built for x86, deviceName: emulator-5554, deviceScreenDensity: 420, deviceScreenSize: 1080x1920, deviceUDID: emulator-5554, javascriptEnabled: true, locationContextEnabled: false, networkConnectionEnabled: true, pixelRatio: 2.625, platform: LINUX, platformName: Android, platformVersion: 7.0, statBarHeight: 63, takesScreenshot: true, viewportRect: {height: 1731, left: 0, top: 63, width: 1080}, warnings: {}, webStorageEnabled: false}
Session ID: d35fba22-7687-4f3e-bbd3-4641b9b2334b
*** Element info: {Using=xpath, value=//android.view.View[@content-desc="50"]}
]]></error>
    <system-out><![CDATA[
Scenario Outline: Multiplying two numbers &amp#27;[90m# src/test/resources/features/calculatedNumbers.feature:36&amp#27;[0m
  &amp#27;[32mGiven &amp#27;[0m&amp#27;[32mI am on calculator page&amp#27;[0m           &amp#27;[90m# com.example.steps.CalculateStepDefinitions.iAmOnCalculatorPage()&amp#27;[0m
  &amp#27;[32mWhen &amp#27;[0m&amp#27;[32mI click &amp#27;[0m&amp#27;[32m&amp#27;[1m"5"&amp#27;[0m                        &amp#27;[90m# com.example.steps.CalculateStepDefinitions.iClick(java.lang.String)&amp#27;[0m
  &amp#27;[32mAnd &amp#27;[0m&amp#27;[32mI click multiply symbol&amp#27;[0m             &amp#27;[90m# com.example.steps.CalculateStepDefinitions.iClickMultiplySymbol()&amp#27;[0m
  &amp#27;[32mAnd &amp#27;[0m&amp#27;[32mI click &amp#27;[0m&amp#27;[32m&amp#27;[1m"10"&amp#27;[0m                        &amp#27;[90m# com.example.steps.CalculateStepDefinitions.iClick(java.lang.String)&amp#27;[0m
  &amp#27;[31mThen &amp#27;[0m&amp#27;[31mI get the result is &amp#27;[0m&amp#27;[31m&amp#27;[1m"50"&amp#27;[0m           &amp#27;[90m# com.example.steps.CalculateStepDefinitions.iGetTheResultIs(java.lang.String)&amp#27;[0m
      &amp#27;[31morg.openqa.selenium.TimeoutException: Expected condition failed: waiting for visibility of element located by By.xpath: //android.view.View[@content-desc="50"] (tried for 30 second(s) with 1000 milliseconds interval)
	at org.openqa.selenium.support.ui.WebDriverWait.timeoutException(WebDriverWait.java:95)
	at org.openqa.selenium.support.ui.FluentWait.until(FluentWait.java:272)
	at com.example.app.base.BasePageObject.find(BasePageObject.java:28)
	at com.example.app.base.BasePageObject.isDisplayed(BasePageObject.java:44)
	at com.example.app.pages.CalculatorPage.verifyResultDisplayed(CalculatorPage.java:37)
	at com.example.steps.CalculateStepDefinitions.iGetTheResultIs(CalculateStepDefinitions.java:30)
	at âœ½.I get the result is "50"(file:///C:/Users/my%20laptop/Documents/NetBeansProjects/mobile-automation/src/test/resources/features/calculatedNumbers.feature:32)
Caused by: org.openqa.selenium.NoSuchElementException: An element could not be located on the page using the given search parameters.
For documentation on this error, please visit: https://www.seleniumhq.org/exceptions/no_such_element.html
Build info: version: '3.141.59', revision: 'e82be7d358', time: '2018-11-14T08:17:03'
System info: host: 'DESKTOP-T1G9LT0', ip: '192.168.174.1', os.name: 'Windows 10', os.arch: 'amd64', os.version: '10.0', java.version: '1.8.0_202'
Driver info: io.appium.java_client.android.AndroidDriver
Capabilities {app: C:\Users\my laptop\Document..., appPackage: com.example.calculator, automationName: UiAutomator2, databaseEnabled: false, desired: {app: C:\Users\my laptop\Document..., automationName: UiAutomator2, platformName: android, platformVersion: 7.0}, deviceApiLevel: 24, deviceManufacturer: Google, deviceModel: Android SDK built for x86, deviceName: emulator-5554, deviceScreenDensity: 420, deviceScreenSize: 1080x1920, deviceUDID: emulator-5554, javascriptEnabled: true, locationContextEnabled: false, networkConnectionEnabled: true, pixelRatio: 2.625, platform: LINUX, platformName: Android, platformVersion: 7.0, statBarHeight: 63, takesScreenshot: true, viewportRect: {height: 1731, left: 0, top: 63, width: 1080}, warnings: {}, webStorageEnabled: false}
Session ID: d35fba22-7687-4f3e-bbd3-4641b9b2334b
*** Element info: {Using=xpath, value=//android.view.View[@content-desc="50"]}
	at sun.reflect.GeneratedConstructorAccessor13.newInstance(Unknown Source)
	at sun.reflect.DelegatingConstructorAccessorImpl.newInstance(DelegatingConstructorAccessorImpl.java:45)
	at java.lang.reflect.Constructor.newInstance(Constructor.java:423)
	at org.openqa.selenium.remote.http.W3CHttpResponseCodec.createException(W3CHttpResponseCodec.java:187)
	at org.openqa.selenium.remote.http.W3CHttpResponseCodec.decode(W3CHttpResponseCodec.java:122)
	at org.openqa.selenium.remote.http.W3CHttpResponseCodec.decode(W3CHttpResponseCodec.java:49)
	at org.openqa.selenium.remote.HttpCommandExecutor.execute(HttpCommandExecutor.java:158)
	at io.appium.java_client.remote.AppiumCommandExecutor.execute(AppiumCommandExecutor.java:250)
	at org.openqa.selenium.remote.RemoteWebDriver.execute(RemoteWebDriver.java:552)
	at io.appium.java_client.DefaultGenericMobileDriver.execute(DefaultGenericMobileDriver.java:41)
	at io.appium.java_client.AppiumDriver.execute(AppiumDriver.java:1)
	at io.appium.java_client.android.AndroidDriver.execute(AndroidDriver.java:1)
	at org.openqa.selenium.remote.RemoteWebDriver.findElement(RemoteWebDriver.java:323)
	at io.appium.java_client.DefaultGenericMobileDriver.findElement(DefaultGenericMobileDriver.java:61)
	at io.appium.java_client.AppiumDriver.findElement(AppiumDriver.java:1)
	at io.appium.java_client.android.AndroidDriver.findElement(AndroidDriver.java:1)
	at org.openqa.selenium.remote.RemoteWebDriver.findElementByXPath(RemoteWebDriver.java:428)
	at io.appium.java_client.DefaultGenericMobileDriver.findElementByXPath(DefaultGenericMobileDriver.java:151)
	at io.appium.java_client.AppiumDriver.findElementByXPath(AppiumDriver.java:1)
	at io.appium.java_client.android.AndroidDriver.findElementByXPath(AndroidDriver.java:1)
	at org.openqa.selenium.By$ByXPath.findElement(By.java:353)
	at org.openqa.selenium.remote.RemoteWebDriver.findElement(RemoteWebDriver.java:315)
	at io.appium.java_client.DefaultGenericMobileDriver.findElement(DefaultGenericMobileDriver.java:57)
	at io.appium.java_client.AppiumDriver.findElement(AppiumDriver.java:1)
	at io.appium.java_client.android.AndroidDriver.findElement(AndroidDriver.java:1)
	at org.openqa.selenium.support.ui.ExpectedConditions$7.apply(ExpectedConditions.java:205)
	at org.openqa.selenium.support.ui.ExpectedConditions$7.apply(ExpectedConditions.java:201)
	at org.openqa.selenium.support.ui.FluentWait.until(FluentWait.java:249)
	at com.example.app.base.BasePageObject.find(BasePageObject.java:28)
	at com.example.app.base.BasePageObject.isDisplayed(BasePageObject.java:44)
	at com.example.app.pages.CalculatorPage.verifyResultDisplayed(CalculatorPage.java:37)
	at com.example.steps.CalculateStepDefinitions.iGetTheResultIs(CalculateStepDefinitions.java:30)
	at sun.reflect.NativeMethodAccessorImpl.invoke0(Native Method)
	at sun.reflect.NativeMethodAccessorImpl.invoke(NativeMethodAccessorImpl.java:62)
	at sun.reflect.DelegatingMethodAccessorImpl.invoke(DelegatingMethodAccessorImpl.java:43)
	at java.lang.reflect.Method.invoke(Method.java:498)
	at io.cucumber.java.Invoker.doInvoke(Invoker.java:66)
	at io.cucumber.java.Invoker.invoke(Invoker.java:24)
	at io.cucumber.java.AbstractGlueDefinition.invokeMethod(AbstractGlueDefinition.java:47)
	at io.cucumber.java.JavaStepDefinition.execute(JavaStepDefinition.java:29)
	at io.cucumber.core.runner.CoreStepDefinition.execute(CoreStepDefinition.java:66)
	at io.cucumber.core.runner.PickleStepDefinitionMatch.runStep(PickleStepDefinitionMatch.java:63)
	at io.cucumber.core.runner.TestStep.executeStep(TestStep.java:92)
	at io.cucumber.core.runner.TestStep.run(TestStep.java:63)
	at io.cucumber.core.runner.PickleStepTestStep.run(PickleStepTestStep.java:49)
	at io.cucumber.core.runner.TestCase.run(TestCase.java:99)
	at io.cucumber.core.runner.Runner.runPickle(Runner.java:71)
	at io.cucumber.junit.PickleRunners$NoStepDescriptions.run(PickleRunners.java:151)
	at io.cucumber.junit.FeatureRunner.runChild(FeatureRunner.java:135)
	at io.cucumber.junit.FeatureRunner.runChild(FeatureRunner.java:27)
	at org.junit.runners.ParentRunner$3.run(ParentRunner.java:290)
	at org.junit.runners.ParentRunner$1.schedule(ParentRunner.java:71)
	at org.junit.runners.ParentRunner.runChildren(ParentRunner.java:288)
	at org.junit.runners.ParentRunner.access$000(ParentRunner.java:58)
	at org.junit.runners.ParentRunner$2.evaluate(ParentRunner.java:268)
	at org.junit.runners.ParentRunner.run(ParentRunner.java:363)
	at io.cucumber.junit.CucumberSerenityRunner.runChild(CucumberSerenityRunner.java:234)
	at io.cucumber.junit.CucumberSerenityRunner.runChild(CucumberSerenityRunner.java:57)
	at org.junit.runners.ParentRunner$3.run(ParentRunner.java:290)
	at org.junit.runners.ParentRunner$1.schedule(ParentRunner.java:71)
	at org.junit.runners.ParentRunner.runChildren(ParentRunner.java:288)
	at org.junit.runners.ParentRunner.access$000(ParentRunner.java:58)
	at org.junit.runners.ParentRunner$2.evaluate(ParentRunner.java:268)
	at io.cucumber.junit.CucumberSerenityRunner$RunCucumber.evaluate(CucumberSerenityRunner.java:262)
	at org.junit.runners.ParentRunner.run(ParentRunner.java:363)
	at org.junit.runner.JUnitCore.run(JUnitCore.java:137)
	at org.junit.runner.JUnitCore.run(JUnitCore.java:115)
	at org.junit.vintage.engine.execution.RunnerExecutor.execute(RunnerExecutor.java:40)
	at java.util.stream.ForEachOps$ForEachOp$OfRef.accept(ForEachOps.java:184)
	at java.util.stream.ReferencePipeline$3$1.accept(ReferencePipeline.java:193)
	at java.util.Iterator.forEachRemaining(Iterator.java:116)
	at java.util.Spliterators$IteratorSpliterator.forEachRemaining(Spliterators.java:1801)
	at java.util.stream.AbstractPipeline.copyInto(AbstractPipeline.java:481)
	at java.util.stream.AbstractPipeline.wrapAndCopyInto(AbstractPipeline.java:471)
	at java.util.stream.ForEachOps$ForEachOp.evaluateSequential(ForEachOps.java:151)
	at java.util.stream.ForEachOps$ForEachOp$OfRef.evaluateSequential(ForEachOps.java:174)
	at java.util.stream.AbstractPipeline.evaluate(AbstractPipeline.java:234)
	at java.util.stream.ReferencePipeline.forEach(ReferencePipeline.java:418)
	at org.junit.vintage.engine.VintageTestEngine.executeAllChildren(VintageTestEngine.java:80)
	at org.junit.vintage.engine.VintageTestEngine.execute(VintageTestEngine.java:71)
	at org.junit.platform.launcher.core.DefaultLauncher.execute(DefaultLauncher.java:229)
	at org.junit.platform.launcher.core.DefaultLauncher.lambda$execute$6(DefaultLauncher.java:197)
	at org.junit.platform.launcher.core.DefaultLauncher.withInterceptedStreams(DefaultLauncher.java:211)
	at org.junit.platform.launcher.core.DefaultLauncher.execute(DefaultLauncher.java:191)
	at org.junit.platform.launcher.core.DefaultLauncher.execute(DefaultLauncher.java:128)
	at org.apache.maven.surefire.junitplatform.JUnitPlatformProvider.execute(JUnitPlatformProvider.java:188)
	at org.apache.maven.surefire.junitplatform.JUnitPlatformProvider.invokeAllTests(JUnitPlatformProvider.java:154)
	at org.apache.maven.surefire.junitplatform.JUnitPlatformProvider.invoke(JUnitPlatformProvider.java:128)
	at org.apache.maven.surefire.booter.ForkedBooter.runSuitesInProcess(ForkedBooter.java:428)
	at org.apache.maven.surefire.booter.ForkedBooter.execute(ForkedBooter.java:162)
	at org.apache.maven.surefire.booter.ForkedBooter.run(ForkedBooter.java:562)
	at org.apache.maven.surefire.booter.ForkedBooter.main(ForkedBooter.java:548)
&amp#27;[0m

    Embedding file:///C:/Users/my%20laptop/Documents/NetBeansProjects/mobile-automation/src/test/resources/features/calculatedNumbers.feature:36 [image/png 54837 bytes]

]]></system-out>
    <system-err><![CDATA[[main] INFO io.cucumber.core.plugin.SerenityReporter - Running feature from file:///C:/Users/my%20laptop/Documents/NetBeansProjects/mobile-automation/src/test/resources/features/calculatedNumbers.feature
[main] WARN io.cucumber.core.plugin.SerenityReporter - Feature from file:///C:/Users/my%20laptop/Documents/NetBeansProjects/mobile-automation/src/test/resources/features/calculatedNumbers.feature is not under the 'features' directory. Requirements report will not be correctly generated!
Apr 17, 2022 4:44:05 AM io.appium.java_client.remote.AppiumCommandExecutor$1 lambda$0
INFO: Detected dialect: W3C
[main] ERROR  - 
         __  _____ _____ ____ _____   _____ ____  ____   ___  ____  
 _      / / |_   _| ____/ ___|_   _| | ____|  _ \|  _ \ / _ \|  _ \ 
(_)____| |    | | |  _| \___ \ | |   |  _| | |_) | |_) | | | | |_) |
 |_____| |    | | | |___ ___) || |   | |___|  _ <|  _ <| |_| |  _ < 
(_)    | |    |_| |_____|____/ |_|   |_____|_| \_\_| \_\\___/|_| \_\
        \_\                                                         

Multiplying two numbers
---------------------------------------------------------------------
[main] ERROR  -     Test failed at step: Then I get the result is "50"
[main] ERROR  -     An element could not be located on the page using the given search parameters.
]]></system-err>
  </testcase>
  <testcase name="Multiplying two numbers #3" classname="Calculated Numbers" time="72.026">
    <error type="org.openqa.selenium.TimeoutException"><![CDATA[org.openqa.selenium.TimeoutException: Expected condition failed: waiting for visibility of element located by By.xpath: //android.view.View[@content-desc="2500"] (tried for 30 second(s) with 1000 milliseconds interval)
Caused by: org.openqa.selenium.NoSuchElementException: 
An element could not be located on the page using the given search parameters.
For documentation on this error, please visit: https://www.seleniumhq.org/exceptions/no_such_element.html
Build info: version: '3.141.59', revision: 'e82be7d358', time: '2018-11-14T08:17:03'
System info: host: 'DESKTOP-T1G9LT0', ip: '192.168.174.1', os.name: 'Windows 10', os.arch: 'amd64', os.version: '10.0', java.version: '1.8.0_202'
Driver info: io.appium.java_client.android.AndroidDriver
Capabilities {app: C:\Users\my laptop\Document..., appPackage: com.example.calculator, automationName: UiAutomator2, databaseEnabled: false, desired: {app: C:\Users\my laptop\Document..., automationName: UiAutomator2, platformName: android, platformVersion: 7.0}, deviceApiLevel: 24, deviceManufacturer: Google, deviceModel: Android SDK built for x86, deviceName: emulator-5554, deviceScreenDensity: 420, deviceScreenSize: 1080x1920, deviceUDID: emulator-5554, javascriptEnabled: true, locationContextEnabled: false, networkConnectionEnabled: true, pixelRatio: 2.625, platform: LINUX, platformName: Android, platformVersion: 7.0, statBarHeight: 63, takesScreenshot: true, viewportRect: {height: 1731, left: 0, top: 63, width: 1080}, warnings: {}, webStorageEnabled: false}
Session ID: 179c4e2d-1bf1-4281-becc-e0bf3bc09024
*** Element info: {Using=xpath, value=//android.view.View[@content-desc="2500"]}
]]></error>
    <system-out><![CDATA[
Scenario Outline: Multiplying two numbers &amp#27;[90m# src/test/resources/features/calculatedNumbers.feature:37&amp#27;[0m
  &amp#27;[32mGiven &amp#27;[0m&amp#27;[32mI am on calculator page&amp#27;[0m           &amp#27;[90m# com.example.steps.CalculateStepDefinitions.iAmOnCalculatorPage()&amp#27;[0m
  &amp#27;[32mWhen &amp#27;[0m&amp#27;[32mI click &amp#27;[0m&amp#27;[32m&amp#27;[1m"25"&amp#27;[0m                       &amp#27;[90m# com.example.steps.CalculateStepDefinitions.iClick(java.lang.String)&amp#27;[0m
  &amp#27;[32mAnd &amp#27;[0m&amp#27;[32mI click multiply symbol&amp#27;[0m             &amp#27;[90m# com.example.steps.CalculateStepDefinitions.iClickMultiplySymbol()&amp#27;[0m
  &amp#27;[32mAnd &amp#27;[0m&amp#27;[32mI click &amp#27;[0m&amp#27;[32m&amp#27;[1m"100"&amp#27;[0m                       &amp#27;[90m# com.example.steps.CalculateStepDefinitions.iClick(java.lang.String)&amp#27;[0m
  &amp#27;[31mThen &amp#27;[0m&amp#27;[31mI get the result is &amp#27;[0m&amp#27;[31m&amp#27;[1m"2500"&amp#27;[0m         &amp#27;[90m# com.example.steps.CalculateStepDefinitions.iGetTheResultIs(java.lang.String)&amp#27;[0m
      &amp#27;[31morg.openqa.selenium.TimeoutException: Expected condition failed: waiting for visibility of element located by By.xpath: //android.view.View[@content-desc="2500"] (tried for 30 second(s) with 1000 milliseconds interval)
	at org.openqa.selenium.support.ui.WebDriverWait.timeoutException(WebDriverWait.java:95)
	at org.openqa.selenium.support.ui.FluentWait.until(FluentWait.java:272)
	at com.example.app.base.BasePageObject.find(BasePageObject.java:28)
	at com.example.app.base.BasePageObject.isDisplayed(BasePageObject.java:44)
	at com.example.app.pages.CalculatorPage.verifyResultDisplayed(CalculatorPage.java:37)
	at com.example.steps.CalculateStepDefinitions.iGetTheResultIs(CalculateStepDefinitions.java:30)
	at âœ½.I get the result is "2500"(file:///C:/Users/my%20laptop/Documents/NetBeansProjects/mobile-automation/src/test/resources/features/calculatedNumbers.feature:32)
Caused by: org.openqa.selenium.NoSuchElementException: An element could not be located on the page using the given search parameters.
For documentation on this error, please visit: https://www.seleniumhq.org/exceptions/no_such_element.html
Build info: version: '3.141.59', revision: 'e82be7d358', time: '2018-11-14T08:17:03'
System info: host: 'DESKTOP-T1G9LT0', ip: '192.168.174.1', os.name: 'Windows 10', os.arch: 'amd64', os.version: '10.0', java.version: '1.8.0_202'
Driver info: io.appium.java_client.android.AndroidDriver
Capabilities {app: C:\Users\my laptop\Document..., appPackage: com.example.calculator, automationName: UiAutomator2, databaseEnabled: false, desired: {app: C:\Users\my laptop\Document..., automationName: UiAutomator2, platformName: android, platformVersion: 7.0}, deviceApiLevel: 24, deviceManufacturer: Google, deviceModel: Android SDK built for x86, deviceName: emulator-5554, deviceScreenDensity: 420, deviceScreenSize: 1080x1920, deviceUDID: emulator-5554, javascriptEnabled: true, locationContextEnabled: false, networkConnectionEnabled: true, pixelRatio: 2.625, platform: LINUX, platformName: Android, platformVersion: 7.0, statBarHeight: 63, takesScreenshot: true, viewportRect: {height: 1731, left: 0, top: 63, width: 1080}, warnings: {}, webStorageEnabled: false}
Session ID: 179c4e2d-1bf1-4281-becc-e0bf3bc09024
*** Element info: {Using=xpath, value=//android.view.View[@content-desc="2500"]}
	at sun.reflect.GeneratedConstructorAccessor13.newInstance(Unknown Source)
	at sun.reflect.DelegatingConstructorAccessorImpl.newInstance(DelegatingConstructorAccessorImpl.java:45)
	at java.lang.reflect.Constructor.newInstance(Constructor.java:423)
	at org.openqa.selenium.remote.http.W3CHttpResponseCodec.createException(W3CHttpResponseCodec.java:187)
	at org.openqa.selenium.remote.http.W3CHttpResponseCodec.decode(W3CHttpResponseCodec.java:122)
	at org.openqa.selenium.remote.http.W3CHttpResponseCodec.decode(W3CHttpResponseCodec.java:49)
	at org.openqa.selenium.remote.HttpCommandExecutor.execute(HttpCommandExecutor.java:158)
	at io.appium.java_client.remote.AppiumCommandExecutor.execute(AppiumCommandExecutor.java:250)
	at org.openqa.selenium.remote.RemoteWebDriver.execute(RemoteWebDriver.java:552)
	at io.appium.java_client.DefaultGenericMobileDriver.execute(DefaultGenericMobileDriver.java:41)
	at io.appium.java_client.AppiumDriver.execute(AppiumDriver.java:1)
	at io.appium.java_client.android.AndroidDriver.execute(AndroidDriver.java:1)
	at org.openqa.selenium.remote.RemoteWebDriver.findElement(RemoteWebDriver.java:323)
	at io.appium.java_client.DefaultGenericMobileDriver.findElement(DefaultGenericMobileDriver.java:61)
	at io.appium.java_client.AppiumDriver.findElement(AppiumDriver.java:1)
	at io.appium.java_client.android.AndroidDriver.findElement(AndroidDriver.java:1)
	at org.openqa.selenium.remote.RemoteWebDriver.findElementByXPath(RemoteWebDriver.java:428)
	at io.appium.java_client.DefaultGenericMobileDriver.findElementByXPath(DefaultGenericMobileDriver.java:151)
	at io.appium.java_client.AppiumDriver.findElementByXPath(AppiumDriver.java:1)
	at io.appium.java_client.android.AndroidDriver.findElementByXPath(AndroidDriver.java:1)
	at org.openqa.selenium.By$ByXPath.findElement(By.java:353)
	at org.openqa.selenium.remote.RemoteWebDriver.findElement(RemoteWebDriver.java:315)
	at io.appium.java_client.DefaultGenericMobileDriver.findElement(DefaultGenericMobileDriver.java:57)
	at io.appium.java_client.AppiumDriver.findElement(AppiumDriver.java:1)
	at io.appium.java_client.android.AndroidDriver.findElement(AndroidDriver.java:1)
	at org.openqa.selenium.support.ui.ExpectedConditions$7.apply(ExpectedConditions.java:205)
	at org.openqa.selenium.support.ui.ExpectedConditions$7.apply(ExpectedConditions.java:201)
	at org.openqa.selenium.support.ui.FluentWait.until(FluentWait.java:249)
	at com.example.app.base.BasePageObject.find(BasePageObject.java:28)
	at com.example.app.base.BasePageObject.isDisplayed(BasePageObject.java:44)
	at com.example.app.pages.CalculatorPage.verifyResultDisplayed(CalculatorPage.java:37)
	at com.example.steps.CalculateStepDefinitions.iGetTheResultIs(CalculateStepDefinitions.java:30)
	at sun.reflect.NativeMethodAccessorImpl.invoke0(Native Method)
	at sun.reflect.NativeMethodAccessorImpl.invoke(NativeMethodAccessorImpl.java:62)
	at sun.reflect.DelegatingMethodAccessorImpl.invoke(DelegatingMethodAccessorImpl.java:43)
	at java.lang.reflect.Method.invoke(Method.java:498)
	at io.cucumber.java.Invoker.doInvoke(Invoker.java:66)
	at io.cucumber.java.Invoker.invoke(Invoker.java:24)
	at io.cucumber.java.AbstractGlueDefinition.invokeMethod(AbstractGlueDefinition.java:47)
	at io.cucumber.java.JavaStepDefinition.execute(JavaStepDefinition.java:29)
	at io.cucumber.core.runner.CoreStepDefinition.execute(CoreStepDefinition.java:66)
	at io.cucumber.core.runner.PickleStepDefinitionMatch.runStep(PickleStepDefinitionMatch.java:63)
	at io.cucumber.core.runner.TestStep.executeStep(TestStep.java:92)
	at io.cucumber.core.runner.TestStep.run(TestStep.java:63)
	at io.cucumber.core.runner.PickleStepTestStep.run(PickleStepTestStep.java:49)
	at io.cucumber.core.runner.TestCase.run(TestCase.java:99)
	at io.cucumber.core.runner.Runner.runPickle(Runner.java:71)
	at io.cucumber.junit.PickleRunners$NoStepDescriptions.run(PickleRunners.java:151)
	at io.cucumber.junit.FeatureRunner.runChild(FeatureRunner.java:135)
	at io.cucumber.junit.FeatureRunner.runChild(FeatureRunner.java:27)
	at org.junit.runners.ParentRunner$3.run(ParentRunner.java:290)
	at org.junit.runners.ParentRunner$1.schedule(ParentRunner.java:71)
	at org.junit.runners.ParentRunner.runChildren(ParentRunner.java:288)
	at org.junit.runners.ParentRunner.access$000(ParentRunner.java:58)
	at org.junit.runners.ParentRunner$2.evaluate(ParentRunner.java:268)
	at org.junit.runners.ParentRunner.run(ParentRunner.java:363)
	at io.cucumber.junit.CucumberSerenityRunner.runChild(CucumberSerenityRunner.java:234)
	at io.cucumber.junit.CucumberSerenityRunner.runChild(CucumberSerenityRunner.java:57)
	at org.junit.runners.ParentRunner$3.run(ParentRunner.java:290)
	at org.junit.runners.ParentRunner$1.schedule(ParentRunner.java:71)
	at org.junit.runners.ParentRunner.runChildren(ParentRunner.java:288)
	at org.junit.runners.ParentRunner.access$000(ParentRunner.java:58)
	at org.junit.runners.ParentRunner$2.evaluate(ParentRunner.java:268)
	at io.cucumber.junit.CucumberSerenityRunner$RunCucumber.evaluate(CucumberSerenityRunner.java:262)
	at org.junit.runners.ParentRunner.run(ParentRunner.java:363)
	at org.junit.runner.JUnitCore.run(JUnitCore.java:137)
	at org.junit.runner.JUnitCore.run(JUnitCore.java:115)
	at org.junit.vintage.engine.execution.RunnerExecutor.execute(RunnerExecutor.java:40)
	at java.util.stream.ForEachOps$ForEachOp$OfRef.accept(ForEachOps.java:184)
	at java.util.stream.ReferencePipeline$3$1.accept(ReferencePipeline.java:193)
	at java.util.Iterator.forEachRemaining(Iterator.java:116)
	at java.util.Spliterators$IteratorSpliterator.forEachRemaining(Spliterators.java:1801)
	at java.util.stream.AbstractPipeline.copyInto(AbstractPipeline.java:481)
	at java.util.stream.AbstractPipeline.wrapAndCopyInto(AbstractPipeline.java:471)
	at java.util.stream.ForEachOps$ForEachOp.evaluateSequential(ForEachOps.java:151)
	at java.util.stream.ForEachOps$ForEachOp$OfRef.evaluateSequential(ForEachOps.java:174)
	at java.util.stream.AbstractPipeline.evaluate(AbstractPipeline.java:234)
	at java.util.stream.ReferencePipeline.forEach(ReferencePipeline.java:418)
	at org.junit.vintage.engine.VintageTestEngine.executeAllChildren(VintageTestEngine.java:80)
	at org.junit.vintage.engine.VintageTestEngine.execute(VintageTestEngine.java:71)
	at org.junit.platform.launcher.core.DefaultLauncher.execute(DefaultLauncher.java:229)
	at org.junit.platform.launcher.core.DefaultLauncher.lambda$execute$6(DefaultLauncher.java:197)
	at org.junit.platform.launcher.core.DefaultLauncher.withInterceptedStreams(DefaultLauncher.java:211)
	at org.junit.platform.launcher.core.DefaultLauncher.execute(DefaultLauncher.java:191)
	at org.junit.platform.launcher.core.DefaultLauncher.execute(DefaultLauncher.java:128)
	at org.apache.maven.surefire.junitplatform.JUnitPlatformProvider.execute(JUnitPlatformProvider.java:188)
	at org.apache.maven.surefire.junitplatform.JUnitPlatformProvider.invokeAllTests(JUnitPlatformProvider.java:154)
	at org.apache.maven.surefire.junitplatform.JUnitPlatformProvider.invoke(JUnitPlatformProvider.java:128)
	at org.apache.maven.surefire.booter.ForkedBooter.runSuitesInProcess(ForkedBooter.java:428)
	at org.apache.maven.surefire.booter.ForkedBooter.execute(ForkedBooter.java:162)
	at org.apache.maven.surefire.booter.ForkedBooter.run(ForkedBooter.java:562)
	at org.apache.maven.surefire.booter.ForkedBooter.main(ForkedBooter.java:548)
&amp#27;[0m

    Embedding file:///C:/Users/my%20laptop/Documents/NetBeansProjects/mobile-automation/src/test/resources/features/calculatedNumbers.feature:37 [image/png 57157 bytes]

]]></system-out>
    <system-err><![CDATA[[main] INFO io.cucumber.core.plugin.SerenityReporter - Running feature from file:///C:/Users/my%20laptop/Documents/NetBeansProjects/mobile-automation/src/test/resources/features/calculatedNumbers.feature
[main] WARN io.cucumber.core.plugin.SerenityReporter - Feature from file:///C:/Users/my%20laptop/Documents/NetBeansProjects/mobile-automation/src/test/resources/features/calculatedNumbers.feature is not under the 'features' directory. Requirements report will not be correctly generated!
Apr 17, 2022 4:45:15 AM io.appium.java_client.remote.AppiumCommandExecutor$1 lambda$0
INFO: Detected dialect: W3C
]]></system-err>
  </testcase>
  <testcase name="Dividing two numbers #1" classname="Calculated Numbers" time="36.085">
    <system-out><![CDATA[
Scenario Outline: Dividing two numbers &amp#27;[90m# src/test/resources/features/calculatedNumbers.feature:47&amp#27;[0m
  &amp#27;[32mGiven &amp#27;[0m&amp#27;[32mI am on calculator page&amp#27;[0m        &amp#27;[90m# com.example.steps.CalculateStepDefinitions.iAmOnCalculatorPage()&amp#27;[0m
  &amp#27;[32mWhen &amp#27;[0m&amp#27;[32mI click &amp#27;[0m&amp#27;[32m&amp#27;[1m"2"&amp#27;[0m                     &amp#27;[90m# com.example.steps.CalculateStepDefinitions.iClick(java.lang.String)&amp#27;[0m
  &amp#27;[32mAnd &amp#27;[0m&amp#27;[32mI click divide symbol&amp#27;[0m            &amp#27;[90m# com.example.steps.CalculateStepDefinitions.iClickDivideSymbol()&amp#27;[0m
  &amp#27;[32mAnd &amp#27;[0m&amp#27;[32mI click &amp#27;[0m&amp#27;[32m&amp#27;[1m"1"&amp#27;[0m                      &amp#27;[90m# com.example.steps.CalculateStepDefinitions.iClick(java.lang.String)&amp#27;[0m
  &amp#27;[32mThen &amp#27;[0m&amp#27;[32mI get the result is &amp#27;[0m&amp#27;[32m&amp#27;[1m"2"&amp#27;[0m         &amp#27;[90m# com.example.steps.CalculateStepDefinitions.iGetTheResultIs(java.lang.String)&amp#27;[0m
]]></system-out>
    <system-err><![CDATA[[main] INFO io.cucumber.core.plugin.SerenityReporter - Running feature from file:///C:/Users/my%20laptop/Documents/NetBeansProjects/mobile-automation/src/test/resources/features/calculatedNumbers.feature
[main] WARN io.cucumber.core.plugin.SerenityReporter - Feature from file:///C:/Users/my%20laptop/Documents/NetBeansProjects/mobile-automation/src/test/resources/features/calculatedNumbers.feature is not under the 'features' directory. Requirements report will not be correctly generated!
[main] INFO  - 
 _____ _____ ____ _____   ____ _____  _    ____ _____ _____ ____  
|_   _| ____/ ___|_   _| / ___|_   _|/ \  |  _ \_   _| ____|  _ \ 
  | | |  _| \___ \ | |   \___ \ | | / _ \ | |_) || | |  _| | | | |
  | | | |___ ___) || |    ___) || |/ ___ \|  _ < | | | |___| |_| |
  |_| |_____|____/ |_|   |____/ |_/_/   \_\_| \_\|_| |_____|____/ 

Dividing two numbers(calculated-numbers;dividing-two-numbers)
-------------------------------------------------------------------
Apr 17, 2022 4:46:26 AM io.appium.java_client.remote.AppiumCommandExecutor$1 lambda$0
INFO: Detected dialect: W3C
[main] INFO  - 
        __    _____ _____ ____ _____   ____   _    ____  ____  _____ ____  
  _     \ \  |_   _| ____/ ___|_   _| |  _ \ / \  / ___|/ ___|| ____|  _ \ 
 (_)_____| |   | | |  _| \___ \ | |   | |_) / _ \ \___ \\___ \|  _| | | | |
  _|_____| |   | | | |___ ___) || |   |  __/ ___ \ ___) |___) | |___| |_| |
 (_)     | |   |_| |_____|____/ |_|   |_| /_/   \_\____/|____/|_____|____/ 
        /_/                                                                

Dividing two numbers
----------------------------------------------------------------------------
]]></system-err>
  </testcase>
  <testcase name="Dividing two numbers #2" classname="Calculated Numbers" time="36.31">
    <system-out><![CDATA[
Scenario Outline: Dividing two numbers &amp#27;[90m# src/test/resources/features/calculatedNumbers.feature:48&amp#27;[0m
  &amp#27;[32mGiven &amp#27;[0m&amp#27;[32mI am on calculator page&amp#27;[0m        &amp#27;[90m# com.example.steps.CalculateStepDefinitions.iAmOnCalculatorPage()&amp#27;[0m
  &amp#27;[32mWhen &amp#27;[0m&amp#27;[32mI click &amp#27;[0m&amp#27;[32m&amp#27;[1m"10"&amp#27;[0m                    &amp#27;[90m# com.example.steps.CalculateStepDefinitions.iClick(java.lang.String)&amp#27;[0m
  &amp#27;[32mAnd &amp#27;[0m&amp#27;[32mI click divide symbol&amp#27;[0m            &amp#27;[90m# com.example.steps.CalculateStepDefinitions.iClickDivideSymbol()&amp#27;[0m
  &amp#27;[32mAnd &amp#27;[0m&amp#27;[32mI click &amp#27;[0m&amp#27;[32m&amp#27;[1m"5"&amp#27;[0m                      &amp#27;[90m# com.example.steps.CalculateStepDefinitions.iClick(java.lang.String)&amp#27;[0m
  &amp#27;[32mThen &amp#27;[0m&amp#27;[32mI get the result is &amp#27;[0m&amp#27;[32m&amp#27;[1m"2"&amp#27;[0m         &amp#27;[90m# com.example.steps.CalculateStepDefinitions.iGetTheResultIs(java.lang.String)&amp#27;[0m
]]></system-out>
    <system-err><![CDATA[[main] INFO io.cucumber.core.plugin.SerenityReporter - Running feature from file:///C:/Users/my%20laptop/Documents/NetBeansProjects/mobile-automation/src/test/resources/features/calculatedNumbers.feature
[main] WARN io.cucumber.core.plugin.SerenityReporter - Feature from file:///C:/Users/my%20laptop/Documents/NetBeansProjects/mobile-automation/src/test/resources/features/calculatedNumbers.feature is not under the 'features' directory. Requirements report will not be correctly generated!
Apr 17, 2022 4:47:01 AM io.appium.java_client.remote.AppiumCommandExecutor$1 lambda$0
INFO: Detected dialect: W3C
[main] INFO  - 
        __    _____ _____ ____ _____   ____   _    ____  ____  _____ ____  
  _     \ \  |_   _| ____/ ___|_   _| |  _ \ / \  / ___|/ ___|| ____|  _ \ 
 (_)_____| |   | | |  _| \___ \ | |   | |_) / _ \ \___ \\___ \|  _| | | | |
  _|_____| |   | | | |___ ___) || |   |  __/ ___ \ ___) |___) | |___| |_| |
 (_)     | |   |_| |_____|____/ |_|   |_| /_/   \_\____/|____/|_____|____/ 
        /_/                                                                

Dividing two numbers
----------------------------------------------------------------------------
]]></system-err>
  </testcase>
  <testcase name="Dividing two numbers #3" classname="Calculated Numbers" time="37.143">
    <system-out><![CDATA[
Scenario Outline: Dividing two numbers &amp#27;[90m# src/test/resources/features/calculatedNumbers.feature:49&amp#27;[0m
  &amp#27;[32mGiven &amp#27;[0m&amp#27;[32mI am on calculator page&amp#27;[0m        &amp#27;[90m# com.example.steps.CalculateStepDefinitions.iAmOnCalculatorPage()&amp#27;[0m
  &amp#27;[32mWhen &amp#27;[0m&amp#27;[32mI click &amp#27;[0m&amp#27;[32m&amp#27;[1m"100"&amp#27;[0m                   &amp#27;[90m# com.example.steps.CalculateStepDefinitions.iClick(java.lang.String)&amp#27;[0m
  &amp#27;[32mAnd &amp#27;[0m&amp#27;[32mI click divide symbol&amp#27;[0m            &amp#27;[90m# com.example.steps.CalculateStepDefinitions.iClickDivideSymbol()&amp#27;[0m
  &amp#27;[32mAnd &amp#27;[0m&amp#27;[32mI click &amp#27;[0m&amp#27;[32m&amp#27;[1m"2"&amp#27;[0m                      &amp#27;[90m# com.example.steps.CalculateStepDefinitions.iClick(java.lang.String)&amp#27;[0m
  &amp#27;[32mThen &amp#27;[0m&amp#27;[32mI get the result is &amp#27;[0m&amp#27;[32m&amp#27;[1m"50"&amp#27;[0m        &amp#27;[90m# com.example.steps.CalculateStepDefinitions.iGetTheResultIs(java.lang.String)&amp#27;[0m
]]></system-out>
    <system-err><![CDATA[[main] INFO io.cucumber.core.plugin.SerenityReporter - Running feature from file:///C:/Users/my%20laptop/Documents/NetBeansProjects/mobile-automation/src/test/resources/features/calculatedNumbers.feature
[main] WARN io.cucumber.core.plugin.SerenityReporter - Feature from file:///C:/Users/my%20laptop/Documents/NetBeansProjects/mobile-automation/src/test/resources/features/calculatedNumbers.feature is not under the 'features' directory. Requirements report will not be correctly generated!
Apr 17, 2022 4:47:38 AM io.appium.java_client.remote.AppiumCommandExecutor$1 lambda$0
INFO: Detected dialect: W3C
]]></system-err>
  </testcase>
  <testcase name="See history" classname="History" time="35.766">
    <system-out><![CDATA[
Scenario: See history              &amp#27;[90m# src/test/resources/features/history.feature:3&amp#27;[0m
  &amp#27;[32mGiven &amp#27;[0m&amp#27;[32mI am on calculator page&amp#27;[0m    &amp#27;[90m# com.example.steps.CalculateStepDefinitions.iAmOnCalculatorPage()&amp#27;[0m
  &amp#27;[32mWhen &amp#27;[0m&amp#27;[32mI click history button&amp#27;[0m      &amp#27;[90m# com.example.steps.HistoryStepDefinitions.iClickHistoryButton()&amp#27;[0m
  &amp#27;[32mThen &amp#27;[0m&amp#27;[32mI get the result of history&amp#27;[0m &amp#27;[90m# com.example.steps.HistoryStepDefinitions.iGetTheResultOfHistory()&amp#27;[0m
]]></system-out>
    <system-err><![CDATA[[main] INFO io.cucumber.core.plugin.SerenityReporter - Running feature from file:///C:/Users/my%20laptop/Documents/NetBeansProjects/mobile-automation/src/test/resources/features/history.feature
[main] WARN io.cucumber.core.plugin.SerenityReporter - Feature from file:///C:/Users/my%20laptop/Documents/NetBeansProjects/mobile-automation/src/test/resources/features/history.feature is not under the 'features' directory. Requirements report will not be correctly generated!
[main] INFO  - 
 _____ _____ ____ _____   ____ _____  _    ____ _____ _____ ____  
|_   _| ____/ ___|_   _| / ___|_   _|/ \  |  _ \_   _| ____|  _ \ 
  | | |  _| \___ \ | |   \___ \ | | / _ \ | |_) || | |  _| | | | |
  | | | |___ ___) || |    ___) || |/ ___ \|  _ < | | | |___| |_| |
  |_| |_____|____/ |_|   |____/ |_/_/   \_\_| \_\|_| |_____|____/ 

See history(history;see-history)
-------------------------------------------------------------------
Apr 17, 2022 4:48:15 AM io.appium.java_client.remote.AppiumCommandExecutor$1 lambda$0
INFO: Detected dialect: W3C
[main] INFO  - 
        __    _____ _____ ____ _____   ____   _    ____  ____  _____ ____  
  _     \ \  |_   _| ____/ ___|_   _| |  _ \ / \  / ___|/ ___|| ____|  _ \ 
 (_)_____| |   | | |  _| \___ \ | |   | |_) / _ \ \___ \\___ \|  _| | | | |
  _|_____| |   | | | |___ ___) || |   |  __/ ___ \ ___) |___) | |___| |_| |
 (_)     | |   |_| |_____|____/ |_|   |_| /_/   \_\____/|____/|_____|____/ 
        /_/                                                                

See history
----------------------------------------------------------------------------
]]></system-err>
  </testcase>
  <testcase name="Delete history" classname="History" time="37.847">
    <system-out><![CDATA[
Scenario: Delete history                     &amp#27;[90m# src/test/resources/features/history.feature:8&amp#27;[0m
  &amp#27;[32mGiven &amp#27;[0m&amp#27;[32mI am on calculator page&amp#27;[0m              &amp#27;[90m# com.example.steps.CalculateStepDefinitions.iAmOnCalculatorPage()&amp#27;[0m
  &amp#27;[32mWhen &amp#27;[0m&amp#27;[32mI click history button&amp#27;[0m                &amp#27;[90m# com.example.steps.HistoryStepDefinitions.iClickHistoryButton()&amp#27;[0m
  &amp#27;[32mAnd &amp#27;[0m&amp#27;[32mI click delete button&amp#27;[0m                  &amp#27;[90m# com.example.steps.HistoryStepDefinitions.iClickDeleteButton()&amp#27;[0m
  &amp#27;[32mThen &amp#27;[0m&amp#27;[32mI get the result after delete history&amp#27;[0m &amp#27;[90m# com.example.steps.HistoryStepDefinitions.iGetTheResultAfterDeleteHistory()&amp#27;[0m
]]></system-out>
    <system-err><![CDATA[[main] INFO io.cucumber.core.plugin.SerenityReporter - Running feature from file:///C:/Users/my%20laptop/Documents/NetBeansProjects/mobile-automation/src/test/resources/features/history.feature
[main] WARN io.cucumber.core.plugin.SerenityReporter - Feature from file:///C:/Users/my%20laptop/Documents/NetBeansProjects/mobile-automation/src/test/resources/features/history.feature is not under the 'features' directory. Requirements report will not be correctly generated!
[main] INFO  - 
 _____ _____ ____ _____   ____ _____  _    ____ _____ _____ ____  
|_   _| ____/ ___|_   _| / ___|_   _|/ \  |  _ \_   _| ____|  _ \ 
  | | |  _| \___ \ | |   \___ \ | | / _ \ | |_) || | |  _| | | | |
  | | | |___ ___) || |    ___) || |/ ___ \|  _ < | | | |___| |_| |
  |_| |_____|____/ |_|   |____/ |_/_/   \_\_| \_\|_| |_____|____/ 

Delete history(history;delete-history)
-------------------------------------------------------------------
Apr 17, 2022 4:48:51 AM io.appium.java_client.remote.AppiumCommandExecutor$1 lambda$0
INFO: Detected dialect: W3C
[main] INFO  - 
        __    _____ _____ ____ _____   ____   _    ____  ____  _____ ____  
  _     \ \  |_   _| ____/ ___|_   _| |  _ \ / \  / ___|/ ___|| ____|  _ \ 
 (_)_____| |   | | |  _| \___ \ | |   | |_) / _ \ \___ \\___ \|  _| | | | |
  _|_____| |   | | | |___ ___) || |   |  __/ ___ \ ___) |___) | |___| |_| |
 (_)     | |   |_| |_____|____/ |_|   |_| /_/   \_\____/|____/|_____|____/ 
        /_/                                                                

Delete history
----------------------------------------------------------------------------
]]></system-err>
  </testcase>
</testsuite>